<?xml version="1.0" encoding="UTF-8"?>
<coverage generated="1765936153957" clover="3.2.0">
  <project timestamp="1765936153957" name="All files">
    <metrics statements="11" coveredstatements="11" conditionals="14" coveredconditionals="14" methods="1" coveredmethods="1" elements="26" coveredelements="26" complexity="0" loc="11" ncloc="11" packages="1" files="1" classes="1"/>
    <file name="discount.ts" path="D:\knot-and-bloom\backend\src\utils\discount.ts">
      <metrics statements="11" coveredstatements="11" conditionals="14" coveredconditionals="14" methods="1" coveredmethods="1"/>
      <line num="3" count="1" type="stmt"/>
      <line num="4" count="13" type="stmt"/>
      <line num="6" count="13" type="cond" truecount="4" falsecount="0"/>
      <line num="7" count="3" type="stmt"/>
      <line num="14" count="10" type="cond" truecount="2" falsecount="0"/>
      <line num="19" count="3" type="stmt"/>
      <line num="26" count="7" type="stmt"/>
      <line num="28" count="7" type="cond" truecount="2" falsecount="0"/>
      <line num="33" count="4" type="stmt"/>
      <line num="40" count="3" type="stmt"/>
      <line num="42" count="3" type="stmt"/>
    </file>
  </project>
</coverage>
