<?xml version="1.0" encoding="UTF-8"?>
<coverage generated="1765933828072" clover="3.2.0">
  <project timestamp="1765933828072" name="All files">
    <metrics statements="11" coveredstatements="11" conditionals="13" coveredconditionals="13" methods="1" coveredmethods="1" elements="25" coveredelements="25" complexity="0" loc="11" ncloc="11" packages="1" files="1" classes="1"/>
    <file name="discount.ts" path="D:\knot-and-bloom\backend\src\utils\discount.ts">
      <metrics statements="11" coveredstatements="11" conditionals="13" coveredconditionals="13" methods="1" coveredmethods="1"/>
      <line num="3" count="1" type="stmt"/>
      <line num="4" count="12" type="stmt"/>
      <line num="6" count="12" type="cond" truecount="4" falsecount="0"/>
      <line num="7" count="3" type="stmt"/>
      <line num="14" count="9" type="cond" truecount="2" falsecount="0"/>
      <line num="19" count="3" type="stmt"/>
      <line num="26" count="6" type="stmt"/>
      <line num="28" count="6" type="cond" truecount="2" falsecount="0"/>
      <line num="32" count="3" type="stmt"/>
      <line num="39" count="3" type="stmt"/>
      <line num="43" count="3" type="stmt"/>
    </file>
  </project>
</coverage>
