{"D:\\knot-and-bloom\\backend\\src\\utils\\discount.ts": {"path":"D:\\knot-and-bloom\\backend\\src\\utils\\discount.ts","statementMap":{"0":{"start":{"line":3,"column":33},"end":{"line":47,"column":1}},"1":{"start":{"line":4,"column":22},"end":{"line":4,"column":42}},"2":{"start":{"line":6,"column":4},"end":{"line":12,"column":5}},"3":{"start":{"line":7,"column":8},"end":{"line":11,"column":10}},"4":{"start":{"line":14,"column":4},"end":{"line":24,"column":5}},"5":{"start":{"line":19,"column":8},"end":{"line":23,"column":10}},"6":{"start":{"line":26,"column":31},"end":{"line":26,"column":62}},"7":{"start":{"line":28,"column":4},"end":{"line":38,"column":5}},"8":{"start":{"line":33,"column":8},"end":{"line":37,"column":10}},"9":{"start":{"line":40,"column":28},"end":{"line":40,"column":70}},"10":{"start":{"line":42,"column":4},"end":{"line":46,"column":6}}},"fnMap":{"0":{"name":"(anonymous_0)","decl":{"start":{"line":3,"column":33},"end":{"line":3,"column":34}},"loc":{"start":{"line":3,"column":60},"end":{"line":47,"column":1}}}},"branchMap":{"0":{"loc":{"start":{"line":6,"column":4},"end":{"line":12,"column":5}},"type":"if","locations":[{"start":{"line":6,"column":4},"end":{"line":12,"column":5}},{"start":{},"end":{}}]},"1":{"loc":{"start":{"line":6,"column":8},"end":{"line":6,"column":46}},"type":"binary-expr","locations":[{"start":{"line":6,"column":8},"end":{"line":6,"column":28}},{"start":{"line":6,"column":32},"end":{"line":6,"column":46}}]},"2":{"loc":{"start":{"line":14,"column":4},"end":{"line":24,"column":5}},"type":"if","locations":[{"start":{"line":14,"column":4},"end":{"line":24,"column":5}},{"start":{},"end":{}}]},"3":{"loc":{"start":{"line":15,"column":8},"end":{"line":17,"column":45}},"type":"binary-expr","locations":[{"start":{"line":15,"column":8},"end":{"line":15,"column":48}},{"start":{"line":16,"column":8},"end":{"line":16,"column":53}},{"start":{"line":17,"column":8},"end":{"line":17,"column":45}}]},"4":{"loc":{"start":{"line":28,"column":4},"end":{"line":38,"column":5}},"type":"if","locations":[{"start":{"line":28,"column":4},"end":{"line":38,"column":5}},{"start":{},"end":{}}]},"5":{"loc":{"start":{"line":29,"column":8},"end":{"line":31,"column":33}},"type":"binary-expr","locations":[{"start":{"line":29,"column":8},"end":{"line":29,"column":37}},{"start":{"line":30,"column":8},"end":{"line":30,"column":31}},{"start":{"line":31,"column":8},"end":{"line":31,"column":33}}]}},"s":{"0":1,"1":13,"2":13,"3":3,"4":10,"5":3,"6":7,"7":7,"8":4,"9":3,"10":3},"f":{"0":13},"b":{"0":[3,10],"1":[13,12],"2":[3,7],"3":[10,9,8],"4":[4,3],"5":[7,6,5]}}
}
