{"D:\\knot-and-bloom\\backend\\src\\utils\\discount.ts": {"path":"D:\\knot-and-bloom\\backend\\src\\utils\\discount.ts","statementMap":{"0":{"start":{"line":3,"column":33},"end":{"line":48,"column":1}},"1":{"start":{"line":4,"column":22},"end":{"line":4,"column":42}},"2":{"start":{"line":6,"column":4},"end":{"line":12,"column":5}},"3":{"start":{"line":7,"column":8},"end":{"line":11,"column":10}},"4":{"start":{"line":14,"column":4},"end":{"line":24,"column":5}},"5":{"start":{"line":19,"column":8},"end":{"line":23,"column":10}},"6":{"start":{"line":26,"column":28},"end":{"line":26,"column":54}},"7":{"start":{"line":28,"column":4},"end":{"line":37,"column":5}},"8":{"start":{"line":32,"column":8},"end":{"line":36,"column":10}},"9":{"start":{"line":39,"column":31},"end":{"line":40,"column":null}},"10":{"start":{"line":43,"column":4},"end":{"line":47,"column":6}}},"fnMap":{"0":{"name":"(anonymous_0)","decl":{"start":{"line":3,"column":33},"end":{"line":3,"column":34}},"loc":{"start":{"line":3,"column":60},"end":{"line":48,"column":1}}}},"branchMap":{"0":{"loc":{"start":{"line":6,"column":4},"end":{"line":12,"column":5}},"type":"if","locations":[{"start":{"line":6,"column":4},"end":{"line":12,"column":5}},{"start":{},"end":{}}]},"1":{"loc":{"start":{"line":6,"column":8},"end":{"line":6,"column":46}},"type":"binary-expr","locations":[{"start":{"line":6,"column":8},"end":{"line":6,"column":28}},{"start":{"line":6,"column":32},"end":{"line":6,"column":46}}]},"2":{"loc":{"start":{"line":14,"column":4},"end":{"line":24,"column":5}},"type":"if","locations":[{"start":{"line":14,"column":4},"end":{"line":24,"column":5}},{"start":{},"end":{}}]},"3":{"loc":{"start":{"line":15,"column":8},"end":{"line":17,"column":40}},"type":"binary-expr","locations":[{"start":{"line":15,"column":8},"end":{"line":15,"column":43}},{"start":{"line":16,"column":8},"end":{"line":16,"column":48}},{"start":{"line":17,"column":8},"end":{"line":17,"column":40}}]},"4":{"loc":{"start":{"line":28,"column":4},"end":{"line":37,"column":5}},"type":"if","locations":[{"start":{"line":28,"column":4},"end":{"line":37,"column":5}},{"start":{},"end":{}}]},"5":{"loc":{"start":{"line":29,"column":8},"end":{"line":30,"column":36}},"type":"binary-expr","locations":[{"start":{"line":29,"column":8},"end":{"line":29,"column":34}},{"start":{"line":30,"column":8},"end":{"line":30,"column":36}}]}},"s":{"0":1,"1":12,"2":12,"3":3,"4":9,"5":3,"6":6,"7":6,"8":3,"9":3,"10":3},"f":{"0":12},"b":{"0":[3,9],"1":[12,11],"2":[3,6],"3":[9,8,7],"4":[3,3],"5":[6,5]}}
}
